# JRE version: OpenJDK Runtime Environment Temurin-21.0.8+9 (21.0.8+9) (build 21.0.8+9-LTS)
# Java VM: OpenJDK 64-Bit Server VM Temurin-21.0.8+9 (21.0.8+9-LTS, mixed mode, sharing, tiered, compressed oops, compressed class ptrs, parallel gc, windows-amd64)
GC Precious Log:
 CardTable entry size: 512
 CPUs: 12 total, 12 available
 Memory: 32664M
 Large Page Support: Disabled
 NUMA Support: Disabled
 Compressed Oops: Enabled (32-bit)
 Alignments: Space 512K, Generation 512K, Heap 2M
 Heap Min Capacity: 100M
 Heap Initial Capacity: 100M
 Heap Max Capacity: 2G
 Pre-touch: Disabled
 Parallel Workers: 10
Heap:
 PSYoungGen      total 3584K, used 587K [0x00000000d5580000, 0x00000000d5a80000, 0x0000000100000000)
  eden space 3072K, 18% used [0x00000000d5580000,0x00000000d560af60,0x00000000d5880000)
  from space 512K, 6% used [0x00000000d5a00000,0x00000000d5a08000,0x00000000d5a80000)
  to   space 512K, 0% used [0x00000000d5980000,0x00000000d5980000,0x00000000d5a00000)
 ParOldGen       total 506368K, used 506265K [0x0000000080000000, 0x000000009ee80000, 0x00000000d5580000)
  object space 506368K, 99% used [0x0000000080000000,0x000000009ee66578,0x000000009ee80000)
 Metaspace       used 50079K, committed 51200K, reserved 1114112K
  class space    used 4552K, committed 5056K, reserved 1048576K
GC Heap History (20 events):
Event: 107.350 GC heap before
{Heap before GC invocations=238 (full 3):
 PSYoungGen      total 4096K, used 4080K [0x00000000d5580000, 0x00000000d6000000, 0x0000000100000000)
  eden space 3072K, 100% used [0x00000000d5580000,0x00000000d5880000,0x00000000d5880000)
  from space 1024K, 98% used [0x00000000d5c00000,0x00000000d5cfc020,0x00000000d5d00000)
  to   space 3584K, 0% used [0x00000000d5880000,0x00000000d5880000,0x00000000d5c00000)
 ParOldGen       total 500224K, used 499812K [0x0000000080000000, 0x000000009e880000, 0x00000000d5580000)
  object space 500224K, 99% used [0x0000000080000000,0x000000009e8190f8,0x000000009e880000)
 Metaspace       used 49869K, committed 51008K, reserved 1114112K
  class space    used 4530K, committed 5056K, reserved 1048576K
}
Event: 107.352 GC heap after
{Heap after GC invocations=238 (full 3):
 PSYoungGen      total 4608K, used 1360K [0x00000000d5580000, 0x00000000d5c80000, 0x0000000100000000)
  eden space 3072K, 0% used [0x00000000d5580000,0x00000000d5580000,0x00000000d5880000)
  from space 1536K, 88% used [0x00000000d5880000,0x00000000d59d4020,0x00000000d5a00000)
  to   space 2048K, 0% used [0x00000000d5a80000,0x00000000d5a80000,0x00000000d5c80000)
 ParOldGen       total 501248K, used 500824K [0x0000000080000000, 0x000000009e980000, 0x00000000d5580000)
  object space 501248K, 99% used [0x0000000080000000,0x000000009e916168,0x000000009e980000)
 Metaspace       used 49869K, committed 51008K, reserved 1114112K
  class space    used 4530K, committed 5056K, reserved 1048576K
}
Event: 107.358 GC heap before
{Heap before GC invocations=239 (full 3):
 PSYoungGen      total 4608K, used 4432K [0x00000000d5580000, 0x00000000d5c80000, 0x0000000100000000)
  eden space 3072K, 100% used [0x00000000d5580000,0x00000000d5880000,0x00000000d5880000)
  from space 1536K, 88% used [0x00000000d5880000,0x00000000d59d4020,0x00000000d5a00000)
  to   space 2048K, 0% used [0x00000000d5a80000,0x00000000d5a80000,0x00000000d5c80000)
 ParOldGen       total 501248K, used 500824K [0x0000000080000000, 0x000000009e980000, 0x00000000d5580000)
  object space 501248K, 99% used [0x0000000080000000,0x000000009e916168,0x000000009e980000)
 Metaspace       used 49869K, committed 51008K, reserved 1114112K
  class space    used 4530K, committed 5056K, reserved 1048576K
}
Event: 107.359 GC heap after
{Heap after GC invocations=239 (full 3):
 PSYoungGen      total 4608K, used 1456K [0x00000000d5580000, 0x00000000d5c00000, 0x0000000100000000)
  eden space 3072K, 0% used [0x00000000d5580000,0x00000000d5580000,0x00000000d5880000)
  from space 1536K, 94% used [0x00000000d5a80000,0x00000000d5bec040,0x00000000d5c00000)
  to   space 1536K, 0% used [0x00000000d5880000,0x00000000d5880000,0x00000000d5a00000)
 ParOldGen       total 502272K, used 502016K [0x0000000080000000, 0x000000009ea80000, 0x00000000d5580000)
  object space 502272K, 99% used [0x0000000080000000,0x000000009ea40238,0x000000009ea80000)
 Metaspace       used 49869K, committed 51008K, reserved 1114112K
  class space    used 4530K, committed 5056K, reserved 1048576K
}
Event: 107.432 GC heap before
{Heap before GC invocations=240 (full 3):
 PSYoungGen      total 4608K, used 4528K [0x00000000d5580000, 0x00000000d5c00000, 0x0000000100000000)
  eden space 3072K, 100% used [0x00000000d5580000,0x00000000d5880000,0x00000000d5880000)
  from space 1536K, 94% used [0x00000000d5a80000,0x00000000d5bec040,0x00000000d5c00000)
  to   space 1536K, 0% used [0x00000000d5880000,0x00000000d5880000,0x00000000d5a00000)
 ParOldGen       total 502272K, used 502016K [0x0000000080000000, 0x000000009ea80000, 0x00000000d5580000)
  object space 502272K, 99% used [0x0000000080000000,0x000000009ea40238,0x000000009ea80000)
 Metaspace       used 49869K, committed 51008K, reserved 1114112K
  class space    used 4530K, committed 5056K, reserved 1048576K
}
Event: 107.433 GC heap after
{Heap after GC invocations=240 (full 3):
 PSYoungGen      total 4608K, used 1216K [0x00000000d5580000, 0x00000000d5b80000, 0x0000000100000000)
  eden space 3072K, 0% used [0x00000000d5580000,0x00000000d5580000,0x00000000d5880000)
  from space 1536K, 79% used [0x00000000d5880000,0x00000000d59b0020,0x00000000d5a00000)
  to   space 1536K, 0% used [0x00000000d5a00000,0x00000000d5a00000,0x00000000d5b80000)
 ParOldGen       total 503296K, used 503272K [0x0000000080000000, 0x000000009eb80000, 0x00000000d5580000)
  object space 503296K, 99% used [0x0000000080000000,0x000000009eb7a2a8,0x000000009eb80000)
 Metaspace       used 49869K, committed 51008K, reserved 1114112K
  class space    used 4530K, committed 5056K, reserved 1048576K
}
Event: 107.689 GC heap before
{Heap before GC invocations=241 (full 3):
 PSYoungGen      total 4608K, used 4288K [0x00000000d5580000, 0x00000000d5b80000, 0x0000000100000000)
  eden space 3072K, 100% used [0x00000000d5580000,0x00000000d5880000,0x00000000d5880000)
  from space 1536K, 79% used [0x00000000d5880000,0x00000000d59b0020,0x00000000d5a00000)
  to   space 1536K, 0% used [0x00000000d5a00000,0x00000000d5a00000,0x00000000d5b80000)
 ParOldGen       total 503296K, used 503272K [0x0000000080000000, 0x000000009eb80000, 0x00000000d5580000)
  object space 503296K, 99% used [0x0000000080000000,0x000000009eb7a2a8,0x000000009eb80000)
 Metaspace       used 49869K, committed 51008K, reserved 1114112K
  class space    used 4530K, committed 5056K, reserved 1048576K
}
Event: 107.691 GC heap after
{Heap after GC invocations=241 (full 3):
 PSYoungGen      total 4096K, used 688K [0x00000000d5580000, 0x00000000d5b00000, 0x0000000100000000)
  eden space 3072K, 0% used [0x00000000d5580000,0x00000000d5580000,0x00000000d5880000)
  from space 1024K, 67% used [0x00000000d5a00000,0x00000000d5aac170,0x00000000d5b00000)
  to   space 1024K, 0% used [0x00000000d5900000,0x00000000d5900000,0x00000000d5a00000)
 ParOldGen       total 504832K, used 504332K [0x0000000080000000, 0x000000009ed00000, 0x00000000d5580000)
  object space 504832K, 99% used [0x0000000080000000,0x000000009ec83398,0x000000009ed00000)
 Metaspace       used 49869K, committed 51008K, reserved 1114112K
  class space    used 4530K, committed 5056K, reserved 1048576K
}
Event: 302.469 GC heap before
{Heap before GC invocations=242 (full 3):
 PSYoungGen      total 4096K, used 3760K [0x00000000d5580000, 0x00000000d5b00000, 0x0000000100000000)
  eden space 3072K, 99% used [0x00000000d5580000,0x00000000d587ffe8,0x00000000d5880000)
  from space 1024K, 67% used [0x00000000d5a00000,0x00000000d5aac170,0x00000000d5b00000)
  to   space 1024K, 0% used [0x00000000d5900000,0x00000000d5900000,0x00000000d5a00000)
 ParOldGen       total 504832K, used 504332K [0x0000000080000000, 0x000000009ed00000, 0x00000000d5580000)
  object space 504832K, 99% used [0x0000000080000000,0x000000009ec83398,0x000000009ed00000)
 Metaspace       used 49879K, committed 51008K, reserved 1114112K
  class space    used 4531K, committed 5056K, reserved 1048576K
}
Event: 302.472 GC heap after
{Heap after GC invocations=242 (full 3):
 PSYoungGen      total 4096K, used 992K [0x00000000d5580000, 0x00000000d5c80000, 0x0000000100000000)
  eden space 3072K, 0% used [0x00000000d5580000,0x00000000d5580000,0x00000000d5880000)
  from space 1024K, 96% used [0x00000000d5900000,0x00000000d59f8010,0x00000000d5a00000)
  to   space 2048K, 0% used [0x00000000d5a80000,0x00000000d5a80000,0x00000000d5c80000)
 ParOldGen       total 505344K, used 505089K [0x0000000080000000, 0x000000009ed80000, 0x00000000d5580000)
  object space 505344K, 99% used [0x0000000080000000,0x000000009ed404f8,0x000000009ed80000)
 Metaspace       used 49879K, committed 51008K, reserved 1114112K
  class space    used 4531K, committed 5056K, reserved 1048576K
}
Event: 358.867 GC heap before
{Heap before GC invocations=243 (full 3):
 PSYoungGen      total 4096K, used 4061K [0x00000000d5580000, 0x00000000d5c80000, 0x0000000100000000)
  eden space 3072K, 99% used [0x00000000d5580000,0x00000000d587f670,0x00000000d5880000)
  from space 1024K, 96% used [0x00000000d5900000,0x00000000d59f8010,0x00000000d5a00000)
  to   space 2048K, 0% used [0x00000000d5a80000,0x00000000d5a80000,0x00000000d5c80000)
 ParOldGen       total 505344K, used 505089K [0x0000000080000000, 0x000000009ed80000, 0x00000000d5580000)
  object space 505344K, 99% used [0x0000000080000000,0x000000009ed404f8,0x000000009ed80000)
 Metaspace       used 50027K, committed 51072K, reserved 1114112K
  class space    used 4550K, committed 5056K, reserved 1048576K
}
Event: 358.885 GC heap after
{Heap after GC invocations=243 (full 3):
 PSYoungGen      total 4096K, used 592K [0x00000000d5580000, 0x00000000d5b80000, 0x0000000100000000)
  eden space 3072K, 0% used [0x00000000d5580000,0x00000000d5580000,0x00000000d5880000)
  from space 1024K, 57% used [0x00000000d5a80000,0x00000000d5b14010,0x00000000d5b80000)
  to   space 1024K, 0% used [0x00000000d5900000,0x00000000d5900000,0x00000000d5a00000)
 ParOldGen       total 505344K, used 505145K [0x0000000080000000, 0x000000009ed80000, 0x00000000d5580000)
  object space 505344K, 99% used [0x0000000080000000,0x000000009ed4e4f8,0x000000009ed80000)
 Metaspace       used 50027K, committed 51072K, reserved 1114112K
  class space    used 4550K, committed 5056K, reserved 1048576K
}
Event: 358.903 GC heap before
{Heap before GC invocations=244 (full 3):
 PSYoungGen      total 4096K, used 3664K [0x00000000d5580000, 0x00000000d5b80000, 0x0000000100000000)
  eden space 3072K, 100% used [0x00000000d5580000,0x00000000d5880000,0x00000000d5880000)
  from space 1024K, 57% used [0x00000000d5a80000,0x00000000d5b14010,0x00000000d5b80000)
  to   space 1024K, 0% used [0x00000000d5900000,0x00000000d5900000,0x00000000d5a00000)
 ParOldGen       total 505344K, used 505145K [0x0000000080000000, 0x000000009ed80000, 0x00000000d5580000)
  object space 505344K, 99% used [0x0000000080000000,0x000000009ed4e4f8,0x000000009ed80000)
 Metaspace       used 50048K, committed 51136K, reserved 1114112K
  class space    used 4550K, committed 5056K, reserved 1048576K
}
Event: 358.905 GC heap after
{Heap after GC invocations=244 (full 3):
 PSYoungGen      total 4096K, used 672K [0x00000000d5580000, 0x00000000d5b00000, 0x0000000100000000)
  eden space 3072K, 0% used [0x00000000d5580000,0x00000000d5580000,0x00000000d5880000)
  from space 1024K, 65% used [0x00000000d5900000,0x00000000d59a8020,0x00000000d5a00000)
  to   space 1024K, 0% used [0x00000000d5a00000,0x00000000d5a00000,0x00000000d5b00000)
 ParOldGen       total 505856K, used 505585K [0x0000000080000000, 0x000000009ee00000, 0x00000000d5580000)
  object space 505856K, 99% used [0x0000000080000000,0x000000009edbc548,0x000000009ee00000)
 Metaspace       used 50048K, committed 51136K, reserved 1114112K
  class space    used 4550K, committed 5056K, reserved 1048576K
}
Event: 358.979 GC heap before
{Heap before GC invocations=245 (full 3):
 PSYoungGen      total 4096K, used 3744K [0x00000000d5580000, 0x00000000d5b00000, 0x0000000100000000)
  eden space 3072K, 100% used [0x00000000d5580000,0x00000000d5880000,0x00000000d5880000)
  from space 1024K, 65% used [0x00000000d5900000,0x00000000d59a8020,0x00000000d5a00000)
  to   space 1024K, 0% used [0x00000000d5a00000,0x00000000d5a00000,0x00000000d5b00000)
 ParOldGen       total 505856K, used 505585K [0x0000000080000000, 0x000000009ee00000, 0x00000000d5580000)
  object space 505856K, 99% used [0x0000000080000000,0x000000009edbc548,0x000000009ee00000)
 Metaspace       used 50079K, committed 51200K, reserved 1114112K
  class space    used 4552K, committed 5056K, reserved 1048576K
}
Event: 358.982 GC heap after
{Heap after GC invocations=245 (full 3):
 PSYoungGen      total 3584K, used 288K [0x00000000d5580000, 0x00000000d5a80000, 0x0000000100000000)
  eden space 3072K, 0% used [0x00000000d5580000,0x00000000d5580000,0x00000000d5880000)
  from space 512K, 56% used [0x00000000d5a00000,0x00000000d5a48000,0x00000000d5a80000)
  to   space 512K, 0% used [0x00000000d5980000,0x00000000d5980000,0x00000000d5a00000)
 ParOldGen       total 506368K, used 506169K [0x0000000080000000, 0x000000009ee80000, 0x00000000d5580000)
  object space 506368K, 99% used [0x0000000080000000,0x000000009ee4e568,0x000000009ee80000)
 Metaspace       used 50079K, committed 51200K, reserved 1114112K
  class space    used 4552K, committed 5056K, reserved 1048576K
}
Event: 359.037 GC heap before
{Heap before GC invocations=246 (full 3):
 PSYoungGen      total 3584K, used 3360K [0x00000000d5580000, 0x00000000d5a80000, 0x0000000100000000)
  eden space 3072K, 100% used [0x00000000d5580000,0x00000000d5880000,0x00000000d5880000)
  from space 512K, 56% used [0x00000000d5a00000,0x00000000d5a48000,0x00000000d5a80000)
  to   space 512K, 0% used [0x00000000d5980000,0x00000000d5980000,0x00000000d5a00000)
 ParOldGen       total 506368K, used 506169K [0x0000000080000000, 0x000000009ee80000, 0x00000000d5580000)
  object space 506368K, 99% used [0x0000000080000000,0x000000009ee4e568,0x000000009ee80000)
 Metaspace       used 50079K, committed 51200K, reserved 1114112K
  class space    used 4552K, committed 5056K, reserved 1048576K
}
Event: 359.039 GC heap after
{Heap after GC invocations=246 (full 3):
 PSYoungGen      total 3584K, used 64K [0x00000000d5580000, 0x00000000d5a80000, 0x0000000100000000)
  eden space 3072K, 0% used [0x00000000d5580000,0x00000000d5580000,0x00000000d5880000)
  from space 512K, 12% used [0x00000000d5980000,0x00000000d5990000,0x00000000d5a00000)
  to   space 512K, 0% used [0x00000000d5a00000,0x00000000d5a00000,0x00000000d5a80000)
 ParOldGen       total 506368K, used 506257K [0x0000000080000000, 0x000000009ee80000, 0x00000000d5580000)
  object space 506368K, 99% used [0x0000000080000000,0x000000009ee64578,0x000000009ee80000)
 Metaspace       used 50079K, committed 51200K, reserved 1114112K
  class space    used 4552K, committed 5056K, reserved 1048576K
}
Event: 359.085 GC heap before
{Heap before GC invocations=247 (full 3):
 PSYoungGen      total 3584K, used 3136K [0x00000000d5580000, 0x00000000d5a80000, 0x0000000100000000)
  eden space 3072K, 100% used [0x00000000d5580000,0x00000000d5880000,0x00000000d5880000)
  from space 512K, 12% used [0x00000000d5980000,0x00000000d5990000,0x00000000d5a00000)
  to   space 512K, 0% used [0x00000000d5a00000,0x00000000d5a00000,0x00000000d5a80000)
 ParOldGen       total 506368K, used 506257K [0x0000000080000000, 0x000000009ee80000, 0x00000000d5580000)
  object space 506368K, 99% used [0x0000000080000000,0x000000009ee64578,0x000000009ee80000)
 Metaspace       used 50079K, committed 51200K, reserved 1114112K
  class space    used 4552K, committed 5056K, reserved 1048576K
}
Event: 359.087 GC heap after
{Heap after GC invocations=247 (full 3):
 PSYoungGen      total 3584K, used 32K [0x00000000d5580000, 0x00000000d5a80000, 0x0000000100000000)
  eden space 3072K, 0% used [0x00000000d5580000,0x00000000d5580000,0x00000000d5880000)
  from space 512K, 6% used [0x00000000d5a00000,0x00000000d5a08000,0x00000000d5a80000)
  to   space 512K, 0% used [0x00000000d5980000,0x00000000d5980000,0x00000000d5a00000)
 ParOldGen       total 506368K, used 506265K [0x0000000080000000, 0x000000009ee80000, 0x00000000d5580000)
  object space 506368K, 99% used [0x0000000080000000,0x000000009ee66578,0x000000009ee80000)
 Metaspace       used 50079K, committed 51200K, reserved 1114112K
  class space    used 4552K, committed 5056K, reserved 1048576K
}

